2022-11-07 16:14:26,042:INFO:PyCaret RegressionExperiment
2022-11-07 16:14:26,043:INFO:Logging name: reg-default-name
2022-11-07 16:14:26,044:INFO:ML Usecase: MLUsecase.REGRESSION
2022-11-07 16:14:26,044:INFO:version 3.0.0.rc4
2022-11-07 16:14:26,044:INFO:Initializing setup()
2022-11-07 16:14:26,044:INFO:self.USI: cea0
2022-11-07 16:14:26,044:INFO:self.variable_keys: {'display_container', 'gpu_param', '_all_models', 'log_plots_param', 'fold_shuffle_param', 'fold_groups_param', 'memory', 'data', 'y_test', 'target_param', 'fold_generator', 'html_param', '_gpu_n_jobs_param', 'exp_id', 'logging_param', '_all_models_internal', 'n_jobs_param', 'variable_keys', 'idx', 'transform_target_method_param', 'exp_name_log', 'y', 'X', '_ml_usecase', 'seed', 'X_test', 'y_train', 'pipeline', '_available_plots', 'USI', 'master_model_container', 'X_train', 'transform_target_param', '_all_metrics'}
2022-11-07 16:14:26,044:INFO:Checking environment
2022-11-07 16:14:26,045:INFO:python_version: 3.7.15
2022-11-07 16:14:26,045:INFO:python_build: ('default', 'Oct 12 2022 19:14:55')
2022-11-07 16:14:26,045:INFO:machine: x86_64
2022-11-07 16:14:26,045:INFO:platform: Linux-5.10.133+-x86_64-with-Ubuntu-18.04-bionic
2022-11-07 16:14:26,046:INFO:Memory: svmem(total=13616353280, available=11862036480, percent=12.9, used=1546706944, free=6883700736, active=682704896, inactive=5679345664, buffers=419213312, cached=4766732288, shared=1302528, slab=279064576)
2022-11-07 16:14:26,049:INFO:Physical Core: 1
2022-11-07 16:14:26,049:INFO:Logical Core: 2
2022-11-07 16:14:26,049:INFO:Checking libraries
2022-11-07 16:14:26,050:INFO:System:
2022-11-07 16:14:26,050:INFO:    python: 3.7.15 (default, Oct 12 2022, 19:14:55)  [GCC 7.5.0]
2022-11-07 16:14:26,050:INFO:executable: /usr/bin/python3
2022-11-07 16:14:26,050:INFO:   machine: Linux-5.10.133+-x86_64-with-Ubuntu-18.04-bionic
2022-11-07 16:14:26,050:INFO:PyCaret required dependencies:
2022-11-07 16:14:26,051:INFO:                 pip: 21.1.3
2022-11-07 16:14:26,051:INFO:          setuptools: 57.4.0
2022-11-07 16:14:26,051:INFO:             pycaret: 3.0.0rc4
2022-11-07 16:14:26,051:INFO:             IPython: 7.9.0
2022-11-07 16:14:26,051:INFO:          ipywidgets: 7.7.1
2022-11-07 16:14:26,052:INFO:                tqdm: 4.64.1
2022-11-07 16:14:26,052:INFO:               numpy: 1.21.6
2022-11-07 16:14:26,053:INFO:              pandas: 1.3.5
2022-11-07 16:14:26,053:INFO:              jinja2: 2.11.3
2022-11-07 16:14:26,053:INFO:               scipy: 1.7.3
2022-11-07 16:14:26,053:INFO:              joblib: 1.2.0
2022-11-07 16:14:26,053:INFO:             sklearn: 1.0.2
2022-11-07 16:14:26,054:INFO:                pyod: 1.0.6
2022-11-07 16:14:26,054:INFO:            imblearn: 0.8.1
2022-11-07 16:14:26,054:INFO:   category_encoders: 2.5.1.post0
2022-11-07 16:14:26,054:INFO:            lightgbm: 3.3.3
2022-11-07 16:14:26,054:INFO:               numba: 0.55.2
2022-11-07 16:14:26,054:INFO:            requests: 2.28.1
2022-11-07 16:14:26,054:INFO:          matplotlib: 3.5.3
2022-11-07 16:14:26,054:INFO:          scikitplot: 0.3.7
2022-11-07 16:14:26,054:INFO:         yellowbrick: 1.5
2022-11-07 16:14:26,054:INFO:              plotly: 5.5.0
2022-11-07 16:14:26,054:INFO:             kaleido: 0.2.1
2022-11-07 16:14:26,054:INFO:         statsmodels: 0.12.2
2022-11-07 16:14:26,054:INFO:              sktime: 0.13.4
2022-11-07 16:14:26,054:INFO:               tbats: 1.1.1
2022-11-07 16:14:26,055:INFO:            pmdarima: 1.8.5
2022-11-07 16:14:26,055:INFO:              psutil: 5.9.3
2022-11-07 16:14:26,055:INFO:PyCaret optional dependencies:
2022-11-07 16:14:26,065:INFO:                shap: Not installed
2022-11-07 16:14:26,065:INFO:           interpret: Not installed
2022-11-07 16:14:26,065:INFO:                umap: Not installed
2022-11-07 16:14:26,065:INFO:    pandas_profiling: 1.4.1
2022-11-07 16:14:26,065:INFO:  explainerdashboard: Not installed
2022-11-07 16:14:26,065:INFO:             autoviz: Not installed
2022-11-07 16:14:26,065:INFO:           fairlearn: Not installed
2022-11-07 16:14:26,066:INFO:             xgboost: 0.90
2022-11-07 16:14:26,066:INFO:            catboost: Not installed
2022-11-07 16:14:26,066:INFO:              kmodes: Not installed
2022-11-07 16:14:26,066:INFO:             mlxtend: 0.14.0
2022-11-07 16:14:26,066:INFO:       statsforecast: Not installed
2022-11-07 16:14:26,066:INFO:        tune_sklearn: Not installed
2022-11-07 16:14:26,066:INFO:                 ray: Not installed
2022-11-07 16:14:26,066:INFO:            hyperopt: 0.1.2
2022-11-07 16:14:26,066:INFO:              optuna: Not installed
2022-11-07 16:14:26,066:INFO:               skopt: Not installed
2022-11-07 16:14:26,066:INFO:              mlflow: Not installed
2022-11-07 16:14:26,066:INFO:              gradio: Not installed
2022-11-07 16:14:26,066:INFO:             fastapi: Not installed
2022-11-07 16:14:26,067:INFO:             uvicorn: Not installed
2022-11-07 16:14:26,067:INFO:              m2cgen: Not installed
2022-11-07 16:14:26,067:INFO:           evidently: Not installed
2022-11-07 16:14:26,067:INFO:                nltk: 3.7
2022-11-07 16:14:26,067:INFO:            pyLDAvis: Not installed
2022-11-07 16:14:26,067:INFO:              gensim: 3.6.0
2022-11-07 16:14:26,067:INFO:               spacy: 3.4.2
2022-11-07 16:14:26,067:INFO:           wordcloud: 1.8.2.2
2022-11-07 16:14:26,067:INFO:            textblob: 0.15.3
2022-11-07 16:14:26,067:INFO:               fugue: Not installed
2022-11-07 16:14:26,067:INFO:           streamlit: Not installed
2022-11-07 16:14:26,067:INFO:             prophet: 1.1.1
2022-11-07 16:14:26,067:INFO:None
2022-11-07 16:14:26,068:INFO:Set up data.
2022-11-07 16:14:26,102:INFO:Set up train/test split.
2022-11-07 16:14:26,110:INFO:Set up index.
2022-11-07 16:14:26,111:INFO:Set up folding strategy.
2022-11-07 16:14:26,111:INFO:Assigning column types.
2022-11-07 16:14:26,119:INFO:Engine successfully changes for model 'lr' to 'sklearn'.
2022-11-07 16:14:26,120:INFO:Engine for model 'lasso' has not been set explicitly, hence returning None.
2022-11-07 16:14:26,125:INFO:Engine for model 'ridge' has not been set explicitly, hence returning None.
2022-11-07 16:14:26,131:INFO:Engine for model 'en' has not been set explicitly, hence returning None.
2022-11-07 16:14:26,202:INFO:Engine for model 'svm' has not been set explicitly, hence returning None.
2022-11-07 16:14:26,262:INFO:Engine for model 'knn' has not been set explicitly, hence returning None.
2022-11-07 16:14:26,264:INFO:Soft dependency imported: xgboost: 0.90
2022-11-07 16:14:26,337:WARNING:Wrong xgboost version. Expected xgboost>=1.1.0, got xgboost==0.90
2022-11-07 16:14:26,492:WARNING:
'catboost' is a soft dependency and not included in the pycaret installation. Please run: `pip install catboost` to install.
Alternately, you can install this by running `pip install pycaret[models]`
2022-11-07 16:14:26,493:INFO:Engine for model 'lasso' has not been set explicitly, hence returning None.
2022-11-07 16:14:26,499:INFO:Engine for model 'ridge' has not been set explicitly, hence returning None.
2022-11-07 16:14:26,505:INFO:Engine for model 'en' has not been set explicitly, hence returning None.
2022-11-07 16:14:26,576:INFO:Engine for model 'svm' has not been set explicitly, hence returning None.
2022-11-07 16:14:26,630:INFO:Engine for model 'knn' has not been set explicitly, hence returning None.
2022-11-07 16:14:26,631:INFO:Soft dependency imported: xgboost: 0.90
2022-11-07 16:14:26,632:WARNING:Wrong xgboost version. Expected xgboost>=1.1.0, got xgboost==0.90
2022-11-07 16:14:26,632:WARNING:
'catboost' is a soft dependency and not included in the pycaret installation. Please run: `pip install catboost` to install.
Alternately, you can install this by running `pip install pycaret[models]`
2022-11-07 16:14:26,633:INFO:Engine successfully changes for model 'lasso' to 'sklearn'.
2022-11-07 16:14:26,638:INFO:Engine for model 'ridge' has not been set explicitly, hence returning None.
2022-11-07 16:14:26,644:INFO:Engine for model 'en' has not been set explicitly, hence returning None.
2022-11-07 16:14:26,719:INFO:Engine for model 'svm' has not been set explicitly, hence returning None.
2022-11-07 16:14:26,774:INFO:Engine for model 'knn' has not been set explicitly, hence returning None.
2022-11-07 16:14:26,774:INFO:Soft dependency imported: xgboost: 0.90
2022-11-07 16:14:26,775:WARNING:Wrong xgboost version. Expected xgboost>=1.1.0, got xgboost==0.90
2022-11-07 16:14:26,775:WARNING:
'catboost' is a soft dependency and not included in the pycaret installation. Please run: `pip install catboost` to install.
Alternately, you can install this by running `pip install pycaret[models]`
2022-11-07 16:14:26,781:INFO:Engine for model 'ridge' has not been set explicitly, hence returning None.
2022-11-07 16:14:26,786:INFO:Engine for model 'en' has not been set explicitly, hence returning None.
2022-11-07 16:14:26,864:INFO:Engine for model 'svm' has not been set explicitly, hence returning None.
2022-11-07 16:14:26,919:INFO:Engine for model 'knn' has not been set explicitly, hence returning None.
2022-11-07 16:14:26,920:INFO:Soft dependency imported: xgboost: 0.90
2022-11-07 16:14:26,921:WARNING:Wrong xgboost version. Expected xgboost>=1.1.0, got xgboost==0.90
2022-11-07 16:14:26,921:WARNING:
'catboost' is a soft dependency and not included in the pycaret installation. Please run: `pip install catboost` to install.
Alternately, you can install this by running `pip install pycaret[models]`
2022-11-07 16:14:26,922:INFO:Engine successfully changes for model 'ridge' to 'sklearn'.
2022-11-07 16:14:26,941:INFO:Engine for model 'en' has not been set explicitly, hence returning None.
2022-11-07 16:14:27,014:INFO:Engine for model 'svm' has not been set explicitly, hence returning None.
2022-11-07 16:14:27,076:INFO:Engine for model 'knn' has not been set explicitly, hence returning None.
2022-11-07 16:14:27,077:INFO:Soft dependency imported: xgboost: 0.90
2022-11-07 16:14:27,077:WARNING:Wrong xgboost version. Expected xgboost>=1.1.0, got xgboost==0.90
2022-11-07 16:14:27,077:WARNING:
'catboost' is a soft dependency and not included in the pycaret installation. Please run: `pip install catboost` to install.
Alternately, you can install this by running `pip install pycaret[models]`
2022-11-07 16:14:27,091:INFO:Engine for model 'en' has not been set explicitly, hence returning None.
2022-11-07 16:14:27,162:INFO:Engine for model 'svm' has not been set explicitly, hence returning None.
2022-11-07 16:14:27,218:INFO:Engine for model 'knn' has not been set explicitly, hence returning None.
2022-11-07 16:14:27,219:INFO:Soft dependency imported: xgboost: 0.90
2022-11-07 16:14:27,220:WARNING:Wrong xgboost version. Expected xgboost>=1.1.0, got xgboost==0.90
2022-11-07 16:14:27,220:WARNING:
'catboost' is a soft dependency and not included in the pycaret installation. Please run: `pip install catboost` to install.
Alternately, you can install this by running `pip install pycaret[models]`
2022-11-07 16:14:27,221:INFO:Engine successfully changes for model 'en' to 'sklearn'.
2022-11-07 16:14:27,310:INFO:Engine for model 'svm' has not been set explicitly, hence returning None.
2022-11-07 16:14:27,365:INFO:Engine for model 'knn' has not been set explicitly, hence returning None.
2022-11-07 16:14:27,366:INFO:Soft dependency imported: xgboost: 0.90
2022-11-07 16:14:27,367:WARNING:Wrong xgboost version. Expected xgboost>=1.1.0, got xgboost==0.90
2022-11-07 16:14:27,367:WARNING:
'catboost' is a soft dependency and not included in the pycaret installation. Please run: `pip install catboost` to install.
Alternately, you can install this by running `pip install pycaret[models]`
2022-11-07 16:14:27,461:INFO:Engine for model 'svm' has not been set explicitly, hence returning None.
2022-11-07 16:14:27,518:INFO:Engine for model 'knn' has not been set explicitly, hence returning None.
2022-11-07 16:14:27,520:INFO:Soft dependency imported: xgboost: 0.90
2022-11-07 16:14:27,520:WARNING:Wrong xgboost version. Expected xgboost>=1.1.0, got xgboost==0.90
2022-11-07 16:14:27,520:WARNING:
'catboost' is a soft dependency and not included in the pycaret installation. Please run: `pip install catboost` to install.
Alternately, you can install this by running `pip install pycaret[models]`
2022-11-07 16:14:27,521:INFO:Engine successfully changes for model 'knn' to 'sklearn'.
2022-11-07 16:14:27,602:INFO:Engine for model 'svm' has not been set explicitly, hence returning None.
2022-11-07 16:14:27,656:INFO:Soft dependency imported: xgboost: 0.90
2022-11-07 16:14:27,657:WARNING:Wrong xgboost version. Expected xgboost>=1.1.0, got xgboost==0.90
2022-11-07 16:14:27,658:WARNING:
'catboost' is a soft dependency and not included in the pycaret installation. Please run: `pip install catboost` to install.
Alternately, you can install this by running `pip install pycaret[models]`
2022-11-07 16:14:27,740:INFO:Engine for model 'svm' has not been set explicitly, hence returning None.
2022-11-07 16:14:27,794:INFO:Soft dependency imported: xgboost: 0.90
2022-11-07 16:14:27,795:WARNING:Wrong xgboost version. Expected xgboost>=1.1.0, got xgboost==0.90
2022-11-07 16:14:27,795:WARNING:
'catboost' is a soft dependency and not included in the pycaret installation. Please run: `pip install catboost` to install.
Alternately, you can install this by running `pip install pycaret[models]`
2022-11-07 16:14:27,796:INFO:Engine successfully changes for model 'svm' to 'sklearn'.
2022-11-07 16:14:27,931:INFO:Soft dependency imported: xgboost: 0.90
2022-11-07 16:14:27,932:WARNING:Wrong xgboost version. Expected xgboost>=1.1.0, got xgboost==0.90
2022-11-07 16:14:27,932:WARNING:
'catboost' is a soft dependency and not included in the pycaret installation. Please run: `pip install catboost` to install.
Alternately, you can install this by running `pip install pycaret[models]`
2022-11-07 16:14:28,077:INFO:Soft dependency imported: xgboost: 0.90
2022-11-07 16:14:28,078:WARNING:Wrong xgboost version. Expected xgboost>=1.1.0, got xgboost==0.90
2022-11-07 16:14:28,078:WARNING:
'catboost' is a soft dependency and not included in the pycaret installation. Please run: `pip install catboost` to install.
Alternately, you can install this by running `pip install pycaret[models]`
2022-11-07 16:14:28,080:INFO:Preparing preprocessing pipeline...
2022-11-07 16:14:28,082:INFO:Set up simple imputation.
2022-11-07 16:14:28,082:INFO:Set up variance threshold.
2022-11-07 16:14:28,261:INFO:Finished creating preprocessing pipeline.
2022-11-07 16:14:28,268:INFO:Pipeline: Pipeline(memory=Memory(location=/tmp/joblib),
         steps=[('numerical_imputer',
                 TransformerWrapper(include=['1rd_red', ' 1rd_green',
                                             ' 1rd_blue', ' 1rd_r', ' 1rd_rg',
                                             ' 1rd_most_red', ' 1rd_least_red',
                                             ' 1rd_most_yellow', ' 1rd_size',
                                             ' 2nd_red', ' 2nd_green',
                                             ' 2nd_blue', ' 2rd_r', ' 2rd_rg',
                                             ' 2rd_most_red', ' 2rd_least_red',
                                             ' 2rd_most_yellow', ' 2nd_size',
                                             ' 3rd_red', ' 3rd_green',
                                             ' 3rd_bl...d_rg',
                                             ' 3rd_most_red', ' 3rd_least_red',
                                             ' 3rd_most_yellow', ' 3rd_size',
                                             ' 4th_red', ' 4th_green',
                                             ' 4th_blue', ...],
                                    transformer=SimpleImputer())),
                ('categorical_imputer',
                 TransformerWrapper(include=[],
                                    transformer=SimpleImputer(fill_value='constant',
                                                              strategy='constant'))),
                ('low_variance',
                 TransformerWrapper(exclude=[],
                                    transformer=VarianceThreshold(threshold=0)))])
2022-11-07 16:14:28,268:INFO:Creating final display dataframe.
2022-11-07 16:14:28,875:INFO:Setup display_container:                Description             Value
0               Session id              4769
1                   Target         Sweetness
2              Target type        Regression
3               Data shape         (200, 56)
4         Train data shape         (139, 56)
5          Test data shape          (61, 56)
6         Numeric features                55
7               Preprocess              True
8          Imputation type            simple
9       Numeric imputation              mean
10  Categorical imputation          constant
11  Low variance threshold                 0
12          Fold Generator             KFold
13             Fold Number                10
14                CPU Jobs                -1
15                 Use GPU             False
16          Log Experiment             False
17         Experiment Name  reg-default-name
18                     USI              cea0
2022-11-07 16:14:29,037:INFO:Soft dependency imported: xgboost: 0.90
2022-11-07 16:14:29,037:WARNING:Wrong xgboost version. Expected xgboost>=1.1.0, got xgboost==0.90
2022-11-07 16:14:29,038:WARNING:
'catboost' is a soft dependency and not included in the pycaret installation. Please run: `pip install catboost` to install.
Alternately, you can install this by running `pip install pycaret[models]`
2022-11-07 16:14:29,175:INFO:Soft dependency imported: xgboost: 0.90
2022-11-07 16:14:29,175:WARNING:Wrong xgboost version. Expected xgboost>=1.1.0, got xgboost==0.90
2022-11-07 16:14:29,176:WARNING:
'catboost' is a soft dependency and not included in the pycaret installation. Please run: `pip install catboost` to install.
Alternately, you can install this by running `pip install pycaret[models]`
2022-11-07 16:14:29,185:INFO:setup() successfully completed in 3.15s...............
2022-11-07 16:14:49,751:INFO:Initializing compare_models()
2022-11-07 16:14:49,753:INFO:compare_models(self=<pycaret.regression.oop.RegressionExperiment object at 0x7f20cc3726d0>, include=None, fold=None, round=4, cross_validation=True, sort=R2, n_select=1, budget_time=None, turbo=True, errors=ignore, fit_kwargs=None, groups=None, experiment_custom_tags=None, probability_threshold=None, verbose=True, parallel=None, caller_params={'self': <pycaret.regression.oop.RegressionExperiment object at 0x7f20cc3726d0>, 'include': None, 'exclude': None, 'fold': None, 'round': 4, 'cross_validation': True, 'sort': 'R2', 'n_select': 1, 'budget_time': None, 'turbo': True, 'errors': 'ignore', 'fit_kwargs': None, 'groups': None, 'experiment_custom_tags': None, 'engine': None, 'verbose': True, 'parallel': None, '__class__': <class 'pycaret.regression.oop.RegressionExperiment'>}, exclude=None)
2022-11-07 16:14:49,753:INFO:Checking exceptions
2022-11-07 16:14:49,759:INFO:Preparing display monitor
2022-11-07 16:14:49,846:INFO:Initializing Linear Regression
2022-11-07 16:14:49,846:INFO:Total runtime is 6.413459777832031e-06 minutes
2022-11-07 16:14:49,858:INFO:SubProcess create_model() called ==================================
2022-11-07 16:14:49,859:INFO:Initializing create_model()
2022-11-07 16:14:49,859:INFO:create_model(self=<pycaret.regression.oop.RegressionExperiment object at 0x7f20cc3726d0>, estimator=lr, fold=KFold(n_splits=10, random_state=None, shuffle=False), round=4, cross_validation=True, predict=True, fit_kwargs={}, groups=None, refit=False, probability_threshold=None, experiment_custom_tags=None, verbose=False, system=False, add_to_model_list=True, metrics=None, display=<pycaret.internal.display.display.CommonDisplay object at 0x7f20c2259610>, model_only=True, return_train_score=False, kwargs={})
2022-11-07 16:14:49,859:INFO:Checking exceptions
2022-11-07 16:14:49,863:INFO:Importing libraries
2022-11-07 16:14:49,865:INFO:Copying training dataset
2022-11-07 16:14:49,875:INFO:Defining folds
2022-11-07 16:14:49,875:INFO:Declaring metric variables
2022-11-07 16:14:49,886:INFO:Importing untrained model
2022-11-07 16:14:49,894:INFO:Linear Regression Imported successfully
2022-11-07 16:14:49,914:INFO:Starting cross validation
2022-11-07 16:14:49,927:INFO:Cross validating with KFold(n_splits=10, random_state=None, shuffle=False), n_jobs=-1
